<?xml version="1.0" encoding="UTF-8"?>
<testng-results ignored="0" total="1" passed="1" failed="0" skipped="0">
  <reporter-output>
  </reporter-output>
  <suite started-at="2023-11-28T08:40:07 IST" name="Default suite" finished-at="2023-11-28T08:46:18 IST" duration-ms="371125">
    <groups>
    </groups>
    <test started-at="2023-11-28T08:40:07 IST" name="Default test" finished-at="2023-11-28T08:46:18 IST" duration-ms="371125">
      <class name="comselenium.demo.BewakoofApp_Demo">
        <test-method signature="bewakoof()[pri:0, instance:comselenium.demo.BewakoofApp_Demo@478190fc]" started-at="2023-11-28T08:40:07 IST" name="bewakoof" finished-at="2023-11-28T08:46:18 IST" duration-ms="370661" status="PASS">
          <reporter-output>
          </reporter-output>
        </test-method> <!-- bewakoof -->
      </class> <!-- comselenium.demo.BewakoofApp_Demo -->
    </test> <!-- Default test -->
  </suite> <!-- Default suite -->
</testng-results>
